16:03:20 - 
Person ID: 1 create made on: 2018-01-05T12:59:11.332
16:03:20 - PersonDTO [personId=1, firstName=Arpit, lastName=Sandal, phone=[1234567], email=[33232], address=[AddressDTO [addressName=Home, line1=abc, line2=def, country=Ind, pincode=700033, state=WB, city=Kol]]]
16:03:20 - 
Person ID: 1 patch made on: 2018-01-05T12:59:11.332
16:03:20 - First Name changed from: Arpit to: Arpit
16:03:20 - Last Name changed from: Sandal to: Sandal
16:03:20 - Address changed from: [AddressDTO [addressName=Home, line1=abc, line2=def, country=Ind, pincode=700033, state=WB, city=Kol]] to: [AddressDTO [addressName=office, line1=abc, line2=def, country=Ind, pincode=700033, state=WB, city=Kol]]
16:03:20 - Phone changed from: [1234567] to: [1234567]
16:03:20 - Email changed from: [33232] to: [33232]
16:03:20 - 
Person ID: 1 update made on: 2018-04-05T12:59:11.332
16:03:20 - First Name changed from: Arpit to: Ankit
16:03:20 - Last Name changed from: Sandal to: Sandal
16:03:20 - Address changed from: [AddressDTO [addressName=office, line1=abc, line2=def, country=Ind, pincode=700033, state=WB, city=Kol], AddressDTO [addressName=Home, line1=abc, line2=def, country=Ind, pincode=700033, state=WB, city=Kol]] to: [AddressDTO [addressName=office, line1=abc, line2=def, country=Ind, pincode=700033, state=WB, city=Kol]]
16:03:20 - Phone changed from: [1234567] to: [1234567, 828923829]
16:03:20 - Email changed from: [33232] to: [33232]
16:03:20 - 
Person ID: null patch made on: 2018-05-05T12:59:11.332
16:03:20 - First Name changed from: Ankit to: Ankit
16:03:20 - Person ID: 1 till 2018-06-05T12:59:11.332
16:03:20 - PersonDTO [personId=1, firstName=Ankit, lastName=Sandal, phone=[1234567, 828923829], email=[33232], address=[AddressDTO [addressName=office, line1=abc, line2=def, country=Ind, pincode=700033, state=WB, city=Kol], AddressDTO [addressName=Home, line1=abc, line2=def, country=Ind, pincode=700033, state=WB, city=Kol]]]
16:03:20 - ------------------

16:04:12 - 
Person ID: 5 create made on: 2018-02-05T12:59:11.332
16:04:12 - PersonDTO [personId=5, firstName=Ankit, lastName=null, phone=null, email=null, address=null]
16:04:12 - 
Person ID: 5 patch made on: 2018-03-05T12:59:11.332
16:04:12 - Last Name changed from: null to: Sandal
16:04:12 - Person ID: 5 till 2018-06-05T12:59:11.332
16:04:12 - PersonDTO [personId=5, firstName=Ankit, lastName=Sandal, phone=null, email=null, address=null]
16:04:12 - ------------------

